<?xml version="1.0" encoding="UTF-8"?>
<coverage generated="1764278146703" clover="3.2.0">
  <project timestamp="1764278146703" name="All files">
    <metrics statements="46" coveredstatements="37" conditionals="23" coveredconditionals="12" methods="21" coveredmethods="18" elements="90" coveredelements="67" complexity="0" loc="46" ncloc="46" packages="7" files="13" classes="13"/>
    <package name="assets">
      <metrics statements="0" coveredstatements="0" conditionals="0" coveredconditionals="0" methods="0" coveredmethods="0"/>
      <file name="logotipo.jpg" path="/home/tarek/QR Software/QR_G1_Front/src/assets/logotipo.jpg">
        <metrics statements="0" coveredstatements="0" conditionals="0" coveredconditionals="0" methods="0" coveredmethods="0"/>
      </file>
    </package>
    <package name="components">
      <metrics statements="12" coveredstatements="12" conditionals="9" coveredconditionals="9" methods="12" coveredmethods="12"/>
      <file name="AdminNavbar.jsx" path="/home/tarek/QR Software/QR_G1_Front/src/components/AdminNavbar.jsx">
        <metrics statements="6" coveredstatements="6" conditionals="2" coveredconditionals="2" methods="4" coveredmethods="4"/>
        <line num="8" count="16" type="stmt"/>
        <line num="9" count="16" type="stmt"/>
        <line num="10" count="16" type="stmt"/>
        <line num="12" count="16" type="stmt"/>
        <line num="13" count="16" type="stmt"/>
        <line num="89" count="1" type="stmt"/>
      </file>
      <file name="Button.jsx" path="/home/tarek/QR Software/QR_G1_Front/src/components/Button.jsx">
        <metrics statements="0" coveredstatements="0" conditionals="3" coveredconditionals="3" methods="1" coveredmethods="1"/>
      </file>
      <file name="Card.jsx" path="/home/tarek/QR Software/QR_G1_Front/src/components/Card.jsx">
        <metrics statements="1" coveredstatements="1" conditionals="0" coveredconditionals="0" methods="1" coveredmethods="1"/>
        <line num="4" count="2" type="stmt"/>
      </file>
      <file name="HeaderInfoPage.jsx" path="/home/tarek/QR Software/QR_G1_Front/src/components/HeaderInfoPage.jsx">
        <metrics statements="2" coveredstatements="2" conditionals="0" coveredconditionals="0" methods="2" coveredmethods="2"/>
        <line num="6" count="13" type="stmt"/>
        <line num="12" count="5" type="stmt"/>
      </file>
      <file name="Input.jsx" path="/home/tarek/QR Software/QR_G1_Front/src/components/Input.jsx">
        <metrics statements="2" coveredstatements="2" conditionals="2" coveredconditionals="2" methods="3" coveredmethods="3"/>
        <line num="8" count="1" type="stmt"/>
        <line num="16" count="2" type="stmt"/>
      </file>
      <file name="Modal.jsx" path="/home/tarek/QR Software/QR_G1_Front/src/components/Modal.jsx">
        <metrics statements="1" coveredstatements="1" conditionals="2" coveredconditionals="2" methods="1" coveredmethods="1"/>
        <line num="5" count="15" type="cond" truecount="2" falsecount="0"/>
      </file>
    </package>
    <package name="config">
      <metrics statements="1" coveredstatements="1" conditionals="2" coveredconditionals="1" methods="0" coveredmethods="0"/>
      <file name="api.js" path="/home/tarek/QR Software/QR_G1_Front/src/config/api.js">
        <metrics statements="1" coveredstatements="1" conditionals="2" coveredconditionals="1" methods="0" coveredmethods="0"/>
        <line num="1" count="1" type="cond" truecount="1" falsecount="1"/>
      </file>
    </package>
    <package name="hooks">
      <metrics statements="25" coveredstatements="16" conditionals="4" coveredconditionals="0" methods="6" coveredmethods="3"/>
      <file name="usePagesAPI.js" path="/home/tarek/QR Software/QR_G1_Front/src/hooks/usePagesAPI.js">
        <metrics statements="25" coveredstatements="16" conditionals="4" coveredconditionals="0" methods="6" coveredmethods="3"/>
        <line num="7" count="16" type="stmt"/>
        <line num="8" count="16" type="stmt"/>
        <line num="9" count="16" type="stmt"/>
        <line num="10" count="16" type="stmt"/>
        <line num="12" count="16" type="stmt"/>
        <line num="13" count="8" type="stmt"/>
        <line num="14" count="8" type="stmt"/>
        <line num="15" count="8" type="stmt"/>
        <line num="16" count="8" type="stmt"/>
        <line num="18" count="8" type="stmt"/>
        <line num="19" count="0" type="cond" truecount="0" falsecount="2"/>
        <line num="21" count="8" type="stmt"/>
        <line num="22" count="8" type="stmt"/>
        <line num="24" count="8" type="stmt"/>
        <line num="28" count="8" type="stmt"/>
        <line num="31" count="16" type="stmt"/>
        <line num="32" count="0" type="stmt"/>
        <line num="33" count="0" type="stmt"/>
        <line num="34" count="0" type="stmt"/>
        <line num="40" count="0" type="cond" truecount="0" falsecount="2"/>
        <line num="41" count="0" type="stmt"/>
        <line num="43" count="0" type="stmt"/>
        <line num="44" count="0" type="stmt"/>
        <line num="46" count="0" type="stmt"/>
        <line num="50" count="16" type="stmt"/>
      </file>
    </package>
    <package name="pages">
      <metrics statements="3" coveredstatements="3" conditionals="0" coveredconditionals="0" methods="2" coveredmethods="2"/>
      <file name="AdminHome.jsx" path="/home/tarek/QR Software/QR_G1_Front/src/pages/AdminHome.jsx">
        <metrics statements="3" coveredstatements="3" conditionals="0" coveredconditionals="0" methods="2" coveredmethods="2"/>
        <line num="6" count="1" type="stmt"/>
        <line num="7" count="6" type="stmt"/>
        <line num="20" count="1" type="stmt"/>
      </file>
    </package>
    <package name="styles">
      <metrics statements="0" coveredstatements="0" conditionals="0" coveredconditionals="0" methods="0" coveredmethods="0"/>
      <file name="Card.css" path="/home/tarek/QR Software/QR_G1_Front/src/styles/Card.css">
        <metrics statements="0" coveredstatements="0" conditionals="0" coveredconditionals="0" methods="0" coveredmethods="0"/>
      </file>
      <file name="adminHome.css" path="/home/tarek/QR Software/QR_G1_Front/src/styles/adminHome.css">
        <metrics statements="0" coveredstatements="0" conditionals="0" coveredconditionals="0" methods="0" coveredmethods="0"/>
      </file>
    </package>
    <package name="utils">
      <metrics statements="5" coveredstatements="5" conditionals="8" coveredconditionals="2" methods="1" coveredmethods="1"/>
      <file name="error.js" path="/home/tarek/QR Software/QR_G1_Front/src/utils/error.js">
        <metrics statements="5" coveredstatements="5" conditionals="8" coveredconditionals="2" methods="1" coveredmethods="1"/>
        <line num="2" count="8" type="stmt"/>
        <line num="3" count="8" type="cond" truecount="1" falsecount="1"/>
        <line num="4" count="8" type="stmt"/>
        <line num="6" count="8" type="cond" truecount="1" falsecount="1"/>
        <line num="12" count="8" type="stmt"/>
      </file>
    </package>
  </project>
</coverage>
