{"/home/tarek/QR Software/QR_G1_Front/src/assets/logotipo.jpg": {"path":"/home/tarek/QR Software/QR_G1_Front/src/assets/logotipo.jpg","statementMap":{},"fnMap":{},"branchMap":{},"s":{},"f":{},"b":{},"meta":{"lastBranch":0,"lastFunction":0,"lastStatement":0,"seen":{}}}
,"/home/tarek/QR Software/QR_G1_Front/src/components/AdminNavbar.jsx": {"path":"/home/tarek/QR Software/QR_G1_Front/src/components/AdminNavbar.jsx","statementMap":{"0":{"start":{"line":8,"column":18},"end":{"line":8,"column":null}},"1":{"start":{"line":9,"column":37},"end":{"line":9,"column":null}},"2":{"start":{"line":10,"column":8},"end":{"line":10,"column":null}},"3":{"start":{"line":12,"column":24},"end":{"line":12,"column":null}},"4":{"start":{"line":12,"column":30},"end":{"line":12,"column":null}},"5":{"start":{"line":13,"column":23},"end":{"line":13,"column":null}},"6":{"start":{"line":13,"column":29},"end":{"line":13,"column":null}},"7":{"start":{"line":89,"column":16},"end":{"line":89,"column":null}}},"fnMap":{"0":{"name":"AdminNavbar","decl":{"start":{"line":7,"column":16},"end":{"line":7,"column":null}},"loc":{"start":{"line":7,"column":16},"end":{"line":99,"column":null}},"line":7},"1":{"name":"(anonymous_1)","decl":{"start":{"line":12,"column":24},"end":{"line":12,"column":30}},"loc":{"start":{"line":12,"column":30},"end":{"line":12,"column":null}},"line":12},"2":{"name":"(anonymous_2)","decl":{"start":{"line":13,"column":23},"end":{"line":13,"column":29}},"loc":{"start":{"line":13,"column":29},"end":{"line":13,"column":null}},"line":13},"3":{"name":"(anonymous_3)","decl":{"start":{"line":88,"column":23},"end":{"line":88,"column":null}},"loc":{"start":{"line":89,"column":16},"end":{"line":89,"column":null}},"line":89}},"branchMap":{"0":{"loc":{"start":{"line":18,"column":35},"end":{"line":18,"column":67}},"type":"cond-expr","locations":[{"start":{"line":18,"column":49},"end":{"line":18,"column":58}},{"start":{"line":18,"column":58},"end":{"line":18,"column":67}}],"line":18}},"s":{"0":16,"1":16,"2":16,"3":16,"4":4,"5":16,"6":2,"7":1},"f":{"0":16,"1":4,"2":2,"3":1},"b":{"0":[3,13]},"meta":{"lastBranch":1,"lastFunction":4,"lastStatement":8,"seen":{"f:7:16:7:Infinity":0,"s:8:18:8:Infinity":0,"s:9:37:9:Infinity":1,"s:10:8:10:Infinity":2,"s:12:24:12:Infinity":3,"f:12:24:12:30":1,"s:12:30:12:Infinity":4,"s:13:23:13:Infinity":5,"f:13:23:13:29":2,"s:13:29:13:Infinity":6,"b:18:49:18:58:18:58:18:67":0,"f:88:23:88:Infinity":3,"s:89:16:89:Infinity":7}}}
,"/home/tarek/QR Software/QR_G1_Front/src/components/Button.jsx": {"path":"/home/tarek/QR Software/QR_G1_Front/src/components/Button.jsx","statementMap":{},"fnMap":{"0":{"name":"Button","decl":{"start":{"line":4,"column":16},"end":{"line":4,"column":23}},"loc":{"start":{"line":4,"column":59},"end":{"line":10,"column":null}},"line":4}},"branchMap":{"0":{"loc":{"start":{"line":4,"column":35},"end":{"line":4,"column":57}},"type":"default-arg","locations":[{"start":{"line":4,"column":52},"end":{"line":4,"column":57}}],"line":4},"1":{"loc":{"start":{"line":6,"column":39},"end":{"line":6,"column":75}},"type":"cond-expr","locations":[{"start":{"line":6,"column":56},"end":{"line":6,"column":65}},{"start":{"line":6,"column":65},"end":{"line":6,"column":75}}],"line":6}},"s":{},"f":{"0":11},"b":{"0":[11],"1":[2,9]},"meta":{"lastBranch":2,"lastFunction":1,"lastStatement":0,"seen":{"f:4:16:4:23":0,"b:4:52:4:57":0,"b:6:56:6:65:6:65:6:75":1}}}
,"/home/tarek/QR Software/QR_G1_Front/src/components/Card.jsx": {"path":"/home/tarek/QR Software/QR_G1_Front/src/components/Card.jsx","statementMap":{"0":{"start":{"line":4,"column":13},"end":{"line":18,"column":null}}},"fnMap":{"0":{"name":"(anonymous_0)","decl":{"start":{"line":4,"column":13},"end":{"line":4,"column":14}},"loc":{"start":{"line":4,"column":63},"end":{"line":18,"column":null}},"line":4}},"branchMap":{},"s":{"0":2},"f":{"0":47},"b":{},"meta":{"lastBranch":0,"lastFunction":1,"lastStatement":1,"seen":{"s:4:13:18:Infinity":0,"f:4:13:4:14":0}}}
,"/home/tarek/QR Software/QR_G1_Front/src/components/HeaderInfoPage.jsx": {"path":"/home/tarek/QR Software/QR_G1_Front/src/components/HeaderInfoPage.jsx","statementMap":{"0":{"start":{"line":6,"column":8},"end":{"line":6,"column":null}},"1":{"start":{"line":12,"column":25},"end":{"line":12,"column":null}}},"fnMap":{"0":{"name":"HeaderInfoPage","decl":{"start":{"line":5,"column":16},"end":{"line":5,"column":31}},"loc":{"start":{"line":5,"column":37},"end":{"line":30,"column":null}},"line":5},"1":{"name":"(anonymous_1)","decl":{"start":{"line":12,"column":19},"end":{"line":12,"column":25}},"loc":{"start":{"line":12,"column":25},"end":{"line":12,"column":null}},"line":12}},"branchMap":{},"s":{"0":13,"1":5},"f":{"0":13,"1":5},"b":{},"meta":{"lastBranch":0,"lastFunction":2,"lastStatement":2,"seen":{"f:5:16:5:31":0,"s:6:8:6:Infinity":0,"f:12:19:12:25":1,"s:12:25:12:Infinity":1}}}
,"/home/tarek/QR Software/QR_G1_Front/src/components/Input.jsx": {"path":"/home/tarek/QR Software/QR_G1_Front/src/components/Input.jsx","statementMap":{"0":{"start":{"line":8,"column":27},"end":{"line":8,"column":null}},"1":{"start":{"line":16,"column":27},"end":{"line":16,"column":null}}},"fnMap":{"0":{"name":"Input","decl":{"start":{"line":1,"column":16},"end":{"line":1,"column":22}},"loc":{"start":{"line":1,"column":81},"end":{"line":23,"column":null}},"line":1},"1":{"name":"(anonymous_1)","decl":{"start":{"line":8,"column":20},"end":{"line":8,"column":21}},"loc":{"start":{"line":8,"column":27},"end":{"line":8,"column":null}},"line":8},"2":{"name":"(anonymous_2)","decl":{"start":{"line":16,"column":20},"end":{"line":16,"column":21}},"loc":{"start":{"line":16,"column":27},"end":{"line":16,"column":null}},"line":16}},"branchMap":{"0":{"loc":{"start":{"line":1,"column":31},"end":{"line":1,"column":44}},"type":"default-arg","locations":[{"start":{"line":1,"column":38},"end":{"line":1,"column":44}}],"line":1},"1":{"loc":{"start":{"line":1,"column":63},"end":{"line":1,"column":79}},"type":"default-arg","locations":[{"start":{"line":1,"column":74},"end":{"line":1,"column":79}}],"line":1}},"s":{"0":1,"1":2},"f":{"0":16,"1":1,"2":2},"b":{"0":[16],"1":[16]},"meta":{"lastBranch":2,"lastFunction":3,"lastStatement":2,"seen":{"f:1:16:1:22":0,"b:1:38:1:44":0,"b:1:74:1:79":1,"f:8:20:8:21":1,"s:8:27:8:Infinity":0,"f:16:20:16:21":2,"s:16:27:16:Infinity":1}}}
,"/home/tarek/QR Software/QR_G1_Front/src/components/Modal.jsx": {"path":"/home/tarek/QR Software/QR_G1_Front/src/components/Modal.jsx","statementMap":{"0":{"start":{"line":5,"column":2},"end":{"line":5,"column":null}},"1":{"start":{"line":5,"column":15},"end":{"line":5,"column":null}}},"fnMap":{"0":{"name":"Modal","decl":{"start":{"line":4,"column":16},"end":{"line":4,"column":22}},"loc":{"start":{"line":4,"column":50},"end":{"line":17,"column":null}},"line":4}},"branchMap":{"0":{"loc":{"start":{"line":5,"column":2},"end":{"line":5,"column":null}},"type":"if","locations":[{"start":{"line":5,"column":2},"end":{"line":5,"column":null}},{"start":{},"end":{}}],"line":5}},"s":{"0":15,"1":4},"f":{"0":15},"b":{"0":[4,11]},"meta":{"lastBranch":1,"lastFunction":1,"lastStatement":2,"seen":{"f:4:16:4:22":0,"b:5:2:5:Infinity:undefined:undefined:undefined:undefined":0,"s:5:2:5:Infinity":0,"s:5:15:5:Infinity":1}}}
,"/home/tarek/QR Software/QR_G1_Front/src/config/api.js": {"path":"/home/tarek/QR Software/QR_G1_Front/src/config/api.js","statementMap":{"0":{"start":{"line":1,"column":78},"end":{"line":1,"column":null}}},"fnMap":{},"branchMap":{"0":{"loc":{"start":{"line":1,"column":78},"end":{"line":1,"column":null}},"type":"binary-expr","locations":[{"start":{"line":1,"column":78},"end":{"line":1,"column":null}},{"start":{"line":1,"column":78},"end":{"line":1,"column":null}}],"line":1}},"s":{"0":1},"f":{},"b":{"0":[1,0]},"meta":{"lastBranch":1,"lastFunction":0,"lastStatement":1,"seen":{"s:1:78:1:Infinity":0,"b:1:78:1:Infinity:1:78:1:Infinity":0}}}
,"/home/tarek/QR Software/QR_G1_Front/src/hooks/usePagesAPI.js": {"path":"/home/tarek/QR Software/QR_G1_Front/src/hooks/usePagesAPI.js","statementMap":{"0":{"start":{"line":7,"column":27},"end":{"line":7,"column":40}},"1":{"start":{"line":8,"column":33},"end":{"line":8,"column":49}},"2":{"start":{"line":9,"column":31},"end":{"line":9,"column":46}},"3":{"start":{"line":10,"column":27},"end":{"line":10,"column":42}},"4":{"start":{"line":12,"column":1},"end":{"line":29,"column":9}},"5":{"start":{"line":13,"column":23},"end":{"line":26,"column":5}},"6":{"start":{"line":14,"column":6},"end":{"line":25,"column":7}},"7":{"start":{"line":15,"column":8},"end":{"line":15,"column":25}},"8":{"start":{"line":16,"column":8},"end":{"line":16,"column":23}},"9":{"start":{"line":18,"column":20},"end":{"line":18,"column":53}},"10":{"start":{"line":19,"column":8},"end":{"line":19,"column":38}},"11":{"start":{"line":21,"column":8},"end":{"line":21,"column":56}},"12":{"start":{"line":22,"column":8},"end":{"line":22,"column":72}},"13":{"start":{"line":24,"column":8},"end":{"line":24,"column":26}},"14":{"start":{"line":28,"column":4},"end":{"line":28,"column":17}},"15":{"start":{"line":31,"column":19},"end":{"line":48,"column":3}},"16":{"start":{"line":32,"column":4},"end":{"line":32,"column":22}},"17":{"start":{"line":33,"column":4},"end":{"line":47,"column":5}},"18":{"start":{"line":34,"column":6},"end":{"line":38,"column":9}},"19":{"start":{"line":40,"column":6},"end":{"line":40,"column":73}},"20":{"start":{"line":40,"column":25},"end":{"line":40,"column":71}},"21":{"start":{"line":40,"column":42},"end":{"line":40,"column":69}},"22":{"start":{"line":41,"column":6},"end":{"line":41,"column":50}},"23":{"start":{"line":43,"column":6},"end":{"line":43,"column":58}},"24":{"start":{"line":44,"column":6},"end":{"line":44,"column":70}},"25":{"start":{"line":46,"column":6},"end":{"line":46,"column":25}},"26":{"start":{"line":50,"column":2},"end":{"line":50,"column":65}}},"fnMap":{"0":{"name":"usePagesAPI","decl":{"start":{"line":6,"column":16},"end":{"line":6,"column":27}},"loc":{"start":{"line":6,"column":30},"end":{"line":51,"column":1}},"line":6},"1":{"name":"(anonymous_1)","decl":{"start":{"line":12,"column":12},"end":{"line":12,"column":13}},"loc":{"start":{"line":12,"column":18},"end":{"line":29,"column":3}},"line":12},"2":{"name":"(anonymous_2)","decl":{"start":{"line":13,"column":23},"end":{"line":13,"column":28}},"loc":{"start":{"line":13,"column":35},"end":{"line":26,"column":5}},"line":13},"3":{"name":"(anonymous_3)","decl":{"start":{"line":31,"column":19},"end":{"line":31,"column":24}},"loc":{"start":{"line":31,"column":35},"end":{"line":48,"column":3}},"line":31},"4":{"name":"(anonymous_4)","decl":{"start":{"line":40,"column":15},"end":{"line":40,"column":16}},"loc":{"start":{"line":40,"column":25},"end":{"line":40,"column":71}},"line":40},"5":{"name":"(anonymous_5)","decl":{"start":{"line":40,"column":34},"end":{"line":40,"column":35}},"loc":{"start":{"line":40,"column":42},"end":{"line":40,"column":69}},"line":40}},"branchMap":{"0":{"loc":{"start":{"line":19,"column":17},"end":{"line":19,"column":36}},"type":"binary-expr","locations":[{"start":{"line":19,"column":17},"end":{"line":19,"column":30}},{"start":{"line":19,"column":34},"end":{"line":19,"column":36}}],"line":19},"1":{"loc":{"start":{"line":40,"column":42},"end":{"line":40,"column":69}},"type":"cond-expr","locations":[{"start":{"line":40,"column":61},"end":{"line":40,"column":65}},{"start":{"line":40,"column":68},"end":{"line":40,"column":69}}],"line":40}},"s":{"0":16,"1":16,"2":16,"3":16,"4":16,"5":8,"6":8,"7":8,"8":8,"9":8,"10":0,"11":8,"12":8,"13":8,"14":8,"15":16,"16":0,"17":0,"18":0,"19":0,"20":0,"21":0,"22":0,"23":0,"24":0,"25":0,"26":16},"f":{"0":16,"1":8,"2":8,"3":0,"4":0,"5":0},"b":{"0":[0,0],"1":[0,0]},"meta":{"lastBranch":2,"lastFunction":6,"lastStatement":27,"seen":{"f:6:16:6:27":0,"s:7:27:7:40":0,"s:8:33:8:49":1,"s:9:31:9:46":2,"s:10:27:10:42":3,"s:12:1:29:9":4,"f:12:12:12:13":1,"s:13:23:26:5":5,"f:13:23:13:28":2,"s:14:6:25:7":6,"s:15:8:15:25":7,"s:16:8:16:23":8,"s:18:20:18:53":9,"s:19:8:19:38":10,"b:19:17:19:30:19:34:19:36":0,"s:21:8:21:56":11,"s:22:8:22:72":12,"s:24:8:24:26":13,"s:28:4:28:17":14,"s:31:19:48:3":15,"f:31:19:31:24":3,"s:32:4:32:22":16,"s:33:4:47:5":17,"s:34:6:38:9":18,"s:40:6:40:73":19,"f:40:15:40:16":4,"s:40:25:40:71":20,"f:40:34:40:35":5,"s:40:42:40:69":21,"b:40:61:40:65:40:68:40:69":1,"s:41:6:41:50":22,"s:43:6:43:58":23,"s:44:6:44:70":24,"s:46:6:46:25":25,"s:50:2:50:65":26}}}
,"/home/tarek/QR Software/QR_G1_Front/src/pages/AdminHome.jsx": {"path":"/home/tarek/QR Software/QR_G1_Front/src/pages/AdminHome.jsx","statementMap":{"0":{"start":{"line":6,"column":25},"end":{"line":83,"column":null}},"1":{"start":{"line":7,"column":18},"end":{"line":7,"column":null}},"2":{"start":{"line":20,"column":16},"end":{"line":20,"column":null}}},"fnMap":{"0":{"name":"(anonymous_0)","decl":{"start":{"line":6,"column":25},"end":{"line":6,"column":null}},"loc":{"start":{"line":6,"column":25},"end":{"line":83,"column":null}},"line":6},"1":{"name":"(anonymous_1)","decl":{"start":{"line":19,"column":23},"end":{"line":19,"column":null}},"loc":{"start":{"line":20,"column":16},"end":{"line":20,"column":null}},"line":20}},"branchMap":{},"s":{"0":1,"1":6,"2":1},"f":{"0":6,"1":1},"b":{},"meta":{"lastBranch":0,"lastFunction":2,"lastStatement":3,"seen":{"s:6:25:83:Infinity":0,"f:6:25:6:Infinity":0,"s:7:18:7:Infinity":1,"f:19:23:19:Infinity":1,"s:20:16:20:Infinity":2}}}
,"/home/tarek/QR Software/QR_G1_Front/src/styles/Card.css": {"path":"/home/tarek/QR Software/QR_G1_Front/src/styles/Card.css","statementMap":{},"fnMap":{},"branchMap":{},"s":{},"f":{},"b":{},"meta":{"lastBranch":0,"lastFunction":0,"lastStatement":0,"seen":{}}}
,"/home/tarek/QR Software/QR_G1_Front/src/styles/adminHome.css": {"path":"/home/tarek/QR Software/QR_G1_Front/src/styles/adminHome.css","statementMap":{},"fnMap":{},"branchMap":{},"s":{},"f":{},"b":{},"meta":{"lastBranch":0,"lastFunction":0,"lastStatement":0,"seen":{}}}
,"/home/tarek/QR Software/QR_G1_Front/src/utils/error.js": {"path":"/home/tarek/QR Software/QR_G1_Front/src/utils/error.js","statementMap":{"0":{"start":{"line":2,"column":22},"end":{"line":2,"column":46}},"1":{"start":{"line":3,"column":17},"end":{"line":3,"column":58}},"2":{"start":{"line":4,"column":21},"end":{"line":4,"column":51}},"3":{"start":{"line":6,"column":18},"end":{"line":10,"column":75}},"4":{"start":{"line":12,"column":2},"end":{"line":12,"column":29}}},"fnMap":{"0":{"name":"buildErrorState","decl":{"start":{"line":1,"column":16},"end":{"line":1,"column":31}},"loc":{"start":{"line":1,"column":56},"end":{"line":13,"column":1}},"line":1}},"branchMap":{"0":{"loc":{"start":{"line":3,"column":17},"end":{"line":3,"column":58}},"type":"cond-expr","locations":[{"start":{"line":3,"column":31},"end":{"line":3,"column":52}},{"start":{"line":3,"column":55},"end":{"line":3,"column":58}}],"line":3},"1":{"loc":{"start":{"line":6,"column":18},"end":{"line":10,"column":75}},"type":"cond-expr","locations":[{"start":{"line":7,"column":6},"end":{"line":9,"column":36}},{"start":{"line":10,"column":6},"end":{"line":10,"column":75}}],"line":6},"2":{"loc":{"start":{"line":7,"column":6},"end":{"line":9,"column":36}},"type":"binary-expr","locations":[{"start":{"line":7,"column":7},"end":{"line":7,"column":37}},{"start":{"line":7,"column":41},"end":{"line":7,"column":58}},{"start":{"line":8,"column":6},"end":{"line":8,"column":21}},{"start":{"line":9,"column":6},"end":{"line":9,"column":36}}],"line":7}},"s":{"0":8,"1":8,"2":8,"3":8,"4":8},"f":{"0":8},"b":{"0":[0,8],"1":[0,8],"2":[0,0,0,0]},"meta":{"lastBranch":3,"lastFunction":1,"lastStatement":5,"seen":{"f:1:16:1:31":0,"s:2:22:2:46":0,"s:3:17:3:58":1,"b:3:31:3:52:3:55:3:58":0,"s:4:21:4:51":2,"s:6:18:10:75":3,"b:7:6:9:36:10:6:10:75":1,"b:7:7:7:37:7:41:7:58:8:6:8:21:9:6:9:36":2,"s:12:2:12:29":4}}}
}
