{"/home/tarek/QR Software/QR_G1_Front/src/components/Card.jsx": {"path":"/home/tarek/QR Software/QR_G1_Front/src/components/Card.jsx","statementMap":{"0":{"start":{"line":4,"column":13},"end":{"line":18,"column":null}}},"fnMap":{"0":{"name":"(anonymous_0)","decl":{"start":{"line":4,"column":13},"end":{"line":4,"column":14}},"loc":{"start":{"line":4,"column":63},"end":{"line":18,"column":null}},"line":4}},"branchMap":{},"s":{"0":1},"f":{"0":36},"b":{},"meta":{"lastBranch":0,"lastFunction":1,"lastStatement":1,"seen":{"s:4:13:18:Infinity":0,"f:4:13:4:14":0}}}
,"/home/tarek/QR Software/QR_G1_Front/src/pages/AdminHome.jsx": {"path":"/home/tarek/QR Software/QR_G1_Front/src/pages/AdminHome.jsx","statementMap":{"0":{"start":{"line":6,"column":25},"end":{"line":83,"column":null}},"1":{"start":{"line":7,"column":18},"end":{"line":7,"column":null}},"2":{"start":{"line":20,"column":16},"end":{"line":20,"column":null}}},"fnMap":{"0":{"name":"(anonymous_0)","decl":{"start":{"line":6,"column":25},"end":{"line":6,"column":null}},"loc":{"start":{"line":6,"column":25},"end":{"line":83,"column":null}},"line":6},"1":{"name":"(anonymous_1)","decl":{"start":{"line":19,"column":23},"end":{"line":19,"column":null}},"loc":{"start":{"line":20,"column":16},"end":{"line":20,"column":null}},"line":20}},"branchMap":{},"s":{"0":1,"1":6,"2":1},"f":{"0":6,"1":1},"b":{},"meta":{"lastBranch":0,"lastFunction":2,"lastStatement":3,"seen":{"s:6:25:83:Infinity":0,"f:6:25:6:Infinity":0,"s:7:18:7:Infinity":1,"f:19:23:19:Infinity":1,"s:20:16:20:Infinity":2}}}
,"/home/tarek/QR Software/QR_G1_Front/src/styles/Card.css": {"path":"/home/tarek/QR Software/QR_G1_Front/src/styles/Card.css","statementMap":{},"fnMap":{},"branchMap":{},"s":{},"f":{},"b":{},"meta":{"lastBranch":0,"lastFunction":0,"lastStatement":0,"seen":{}}}
}
